Case #1:
Impossible
Case #2:
*
.
c
Case #3:
Impossible
Case #4:
***....
.......
.......
......c
Case #5:
Impossible
Case #6:
**********
**********
**********
**********
**********
**********
**********
**********
*.........
*........c
Case #7:
**********
**********
**********
**********
**********
**********
**********
**********
*****.....
*****....c
Case #8:
Impossible
Case #9:
**********
**********
**********
**********
**********
**********
**********
**********
******....
******...c
Case #10:
Impossible
Case #11:
**********
**********
**********
**********
**********
**********
**********
**********
*******...
*******..c
Case #12:
Impossible
Case #13:
**********
**********
**********
**********
**********
**********
**********
**********
********..
********.c
Case #14:
Impossible
Case #15:
Impossible
Case #16:
**********
**********
**********
**********
**********
**********
**********
**********
**********
*********c
Case #17:
Impossible
