Case #1:
Impossible
Case #2:
*****
.....
....c
Case #3:
Impossible
Case #4:
****
....
...c
Case #5:
*..
..c
Case #6:
***..
.....
....c
Case #7:
Impossible
Case #8:
**..c
Case #9:
***
***
***
...
..c
Case #10:
****
****
**..
**.c
Case #11:
.
c
Case #12:
****
****
*...
*..c
Case #13:
...
..c
Case #14:
*****
*****
.....
....c
Case #15:
*****
*****
***..
.....
....c
Case #16:
*****
**...
.....
....c
Case #17:
**
**
..
.c
Case #18:
Impossible
Case #19:
***
***
...
..c
Case #20:
*****
*****
*****
.....
....c
Case #21:
**
**
..
..
.c
Case #22:
*....
.....
.....
....c
Case #23:
****
***.
....
....
...c
Case #24:
****
****
....
...c
Case #25:
****
**..
....
....
...c
Case #26:
**
**
..
.c
Case #27:
Impossible
Case #28:
*
*
*
.
c
Case #29:
*.c
Case #30:
Impossible
Case #31:
****
**..
**.c
Case #32:
*..
...
...
..c
Case #33:
Impossible
Case #34:
Impossible
Case #35:
**..
**.c
Case #36:
***
***
*..
..c
Case #37:
**
**
**
..
.c
Case #38:
*****
*....
.....
.....
....c
Case #39:
....
...c
Case #40:
**
..
..
..
.c
Case #41:
*....
*...c
Case #42:
*..c
Case #43:
Impossible
Case #44:
Impossible
Case #45:
**...
.....
....c
Case #46:
Impossible
Case #47:
**
..
.c
Case #48:
****
****
*...
...c
Case #49:
*
*
.
c
Case #50:
**
*.
..
.c
Case #51:
Impossible
Case #52:
Impossible
Case #53:
Impossible
Case #54:
..
.c
Case #55:
*.
..
.c
Case #56:
Impossible
Case #57:
*
*
.
c
Case #58:
****.
.....
.....
.....
....c
Case #59:
**
**
**
..
.c
Case #60:
*****
*****
***..
***.c
Case #61:
Impossible
Case #62:
***.
....
....
....
...c
Case #63:
*****
*****
*....
....c
Case #64:
*...
....
...c
Case #65:
***
***
***
*..
*.c
Case #66:
****
****
**..
....
...c
Case #67:
Impossible
Case #68:
*
*
*
.
c
Case #69:
*****
*....
.....
....c
Case #70:
****
****
....
...c
Case #71:
Impossible
Case #72:
*****
.....
.....
....c
Case #73:
Impossible
Case #74:
Impossible
Case #75:
Impossible
Case #76:
Impossible
Case #77:
***
***
...
..c
Case #78:
*....
....c
Case #79:
**
*.
..
..
.c
Case #80:
****
****
****
*...
...c
Case #81:
*.
..
..
.c
Case #82:
.....
....c
Case #83:
*****
**...
.....
.....
....c
Case #84:
****
****
****
....
...c
Case #85:
*..
...
...
...
..c
Case #86:
***
***
*..
...
..c
Case #87:
*
.
.
.
c
Case #88:
*
.
c
Case #89:
Impossible
Case #90:
****
***.
....
...c
Case #91:
Impossible
Case #92:
****
**..
....
...c
Case #93:
****
****
****
*...
*..c
Case #94:
****
****
****
**..
**.c
Case #95:
Impossible
Case #96:
****
****
****
....
...c
Case #97:
**.
...
..c
Case #98:
*****
*****
**...
.....
....c
Case #99:
Impossible
Case #100:
**
..
.c
Case #101:
...c
Case #102:
Impossible
Case #103:
*****
***..
.....
.....
....c
Case #104:
**...
.....
.....
.....
....c
Case #105:
Impossible
Case #106:
***.
....
....
...c
Case #107:
Impossible
Case #108:
Impossible
Case #109:
Impossible
Case #110:
****
*...
....
...c
Case #111:
*.
..
..
..
.c
Case #112:
*...
...c
Case #113:
*****
*****
*****
*....
*...c
Case #114:
Impossible
Case #115:
***
...
..c
Case #116:
***
***
...
...
..c
Case #117:
Impossible
Case #118:
Impossible
Case #119:
****
****
....
....
...c
Case #120:
**.c
Case #121:
****
....
....
...c
Case #122:
*...
*..c
Case #123:
Impossible
Case #124:
Impossible
Case #125:
Impossible
Case #126:
*****
.....
....c
Case #127:
Impossible
Case #128:
*****
.....
.....
.....
....c
Case #129:
Impossible
Case #130:
Impossible
Case #131:
Impossible
Case #132:
Impossible
Case #133:
***
*..
*.c
Case #134:
*****
**...
**..c
Case #135:
**..c
Case #136:
Impossible
Case #137:
***
*..
...
...
..c
Case #138:
****.
.....
.....
....c
Case #139:
*****
*....
....c
Case #140:
****
*...
....
....
...c
Case #141:
**...
.....
.....
....c
Case #142:
*..c
Case #143:
****
....
....
....
...c
Case #144:
Impossible
Case #145:
....c
Case #146:
***
*..
..c
Case #147:
Impossible
Case #148:
***..
.....
.....
.....
....c
Case #149:
Impossible
Case #150:
*****
*....
*...c
Case #151:
*...c
Case #152:
****
*...
...c
Case #153:
*****
*****
*****
***..
***.c
Case #154:
*****
*****
*****
**...
**..c
Case #155:
Impossible
Case #156:
Impossible
Case #157:
**..
....
....
...c
Case #158:
Impossible
Case #159:
Impossible
Case #160:
***
...
...
..c
Case #161:
*.c
Case #162:
*...c
Case #163:
Impossible
Case #164:
*....
.....
....c
Case #165:
Impossible
Case #166:
Impossible
Case #167:
Impossible
Case #168:
*****
*****
*****
.....
....c
Case #169:
**
..
..
.c
Case #170:
Impossible
Case #171:
Impossible
Case #172:
***
***
***
...
..c
Case #173:
Impossible
Case #174:
*
*
.
.
c
Case #175:
***
...
..c
Case #176:
*****
*****
.....
....c
Case #177:
***
...
...
...
..c
Case #178:
***.
....
...c
Case #179:
***
***
**.
...
..c
Case #180:
c
Case #181:
**..
....
....
....
...c
Case #182:
*****
*****
*****
*....
....c
Case #183:
*****
***..
.....
....c
Case #184:
***
***
***
*..
..c
Case #185:
**..
....
...c
Case #186:
****
****
*...
....
...c
Case #187:
..c
Case #188:
**.
...
...
..c
Case #189:
*****
***..
***.c
Case #190:
*****
*****
*....
*...c
Case #191:
*****
*****
.....
.....
....c
Case #192:
*....
.....
.....
.....
....c
Case #193:
****.
.....
....c
Case #194:
Impossible
Case #195:
***..
.....
.....
....c
Case #196:
***
***
*..
*.c
Case #197:
***..
***.c
Case #198:
*****
****.
.....
....c
Case #199:
***
**.
...
..c
Case #200:
*****
*****
****.
.....
....c
Case #201:
*****
*****
*....
.....
....c
Case #202:
Impossible
Case #203:
****
****
***.
....
...c
Case #204:
*...
....
....
....
...c
Case #205:
***
*..
...
..c
Case #206:
*****
****.
.....
.....
....c
Case #207:
**...
**..c
Case #208:
Impossible
Case #209:
*..
...
..c
Case #210:
*..
*.c
Case #211:
.c
Case #212:
****
*...
*..c
Case #213:
*****
*****
**...
**..c
Case #214:
Impossible
Case #215:
Impossible
Case #216:
Impossible
Case #217:
**
**
*.
..
.c
Case #218:
***
**.
...
...
..c
Case #219:
*...
....
....
...c
Case #220:
*
.
c
Case #221:
Impossible
Case #222:
Impossible
Case #223:
*
.
.
c
Case #224:
**.
...
...
...
..c
Case #225:
****
....
...c
