Case #1:
Impossible
Case #2:
Impossible
Case #3:
Impossible
Case #4:
Impossible
Case #5:
Impossible
Case #6:
Impossible
Case #7:
Impossible
Case #8:
Impossible
Case #9:
Impossible
Case #10:
Impossible
Case #11:
Impossible
Case #12:
..
.c
Case #13:
***..
**...
.....
....c
Case #14:
Impossible
Case #15:
Impossible
Case #16:
*..
*..
...
...
..c
Case #17:
Impossible
Case #18:
*...
....
....
...c
Case #19:
Impossible
Case #20:
Impossible
Case #21:
Impossible
Case #22:
**..c
Case #23:
**..
*...
....
....
...c
Case #24:
**..
*...
....
...c
Case #25:
Impossible
Case #26:
Impossible
Case #27:
***..
**...
.....
.....
....c
Case #28:
Impossible
Case #29:
Impossible
Case #30:
Impossible
Case #31:
**..
....
...c
Case #32:
***..
***..
.....
....c
Case #33:
*.c
Case #34:
***..
*....
.....
.....
....c
Case #35:
Impossible
Case #36:
Impossible
Case #37:
Impossible
Case #38:
Impossible
Case #39:
Impossible
Case #40:
Impossible
Case #41:
**...
.....
.....
.....
....c
Case #42:
Impossible
Case #43:
Impossible
Case #44:
Impossible
Case #45:
Impossible
Case #46:
Impossible
Case #47:
Impossible
Case #48:
Impossible
Case #49:
**...
.....
....c
Case #50:
Impossible
Case #51:
Impossible
Case #52:
...
...
...
..c
Case #53:
Impossible
Case #54:
Impossible
Case #55:
Impossible
Case #56:
Impossible
Case #57:
*...c
Case #58:
Impossible
Case #59:
Impossible
Case #60:
Impossible
Case #61:
Impossible
Case #62:
Impossible
Case #63:
.....
.....
.....
....c
Case #64:
....c
Case #65:
Impossible
Case #66:
***..
***..
***..
.....
....c
Case #67:
Impossible
Case #68:
..c
Case #69:
*..
...
...
..c
Case #70:
..
..
..
..
.c
Case #71:
Impossible
Case #72:
Impossible
Case #73:
Impossible
Case #74:
Impossible
Case #75:
***.c
Case #76:
Impossible
Case #77:
Impossible
Case #78:
...
...
...
...
..c
Case #79:
***..
.....
.....
.....
....c
Case #80:
...c
Case #81:
Impossible
Case #82:
Impossible
Case #83:
Impossible
Case #84:
.....
.....
....c
Case #85:
Impossible
Case #86:
Impossible
Case #87:
Impossible
Case #88:
***..
***..
*....
.....
....c
Case #89:
Impossible
Case #90:
Impossible
Case #91:
Impossible
Case #92:
..
..
.c
Case #93:
Impossible
Case #94:
***..
.....
.....
....c
Case #95:
Impossible
Case #96:
Impossible
Case #97:
*
*
.
.
c
Case #98:
Impossible
Case #99:
***..
.....
....c
Case #100:
*
*
*
c
Case #101:
Impossible
Case #102:
***..
*....
.....
....c
Case #103:
Impossible
Case #104:
*....
.....
.....
.....
....c
Case #105:
**..
**..
**..
....
...c
Case #106:
*..c
Case #107:
Impossible
Case #108:
Impossible
Case #109:
Impossible
Case #110:
.
.
.
c
Case #111:
Impossible
Case #112:
**c
Case #113:
Impossible
Case #114:
.c
Case #115:
*..
...
..c
Case #116:
*....
.....
.....
....c
Case #117:
Impossible
Case #118:
Impossible
Case #119:
Impossible
Case #120:
***..
***..
.....
.....
....c
Case #121:
Impossible
Case #122:
Impossible
Case #123:
Impossible
Case #124:
*
*
.
c
Case #125:
Impossible
Case #126:
Impossible
Case #127:
Impossible
Case #128:
....
....
....
....
...c
Case #129:
Impossible
Case #130:
Impossible
Case #131:
*
*
*
*
c
Case #132:
Impossible
Case #133:
*..
*..
*..
...
..c
Case #134:
Impossible
Case #135:
**..
....
....
....
...c
Case #136:
Impossible
Case #137:
Impossible
Case #138:
Impossible
Case #139:
Impossible
Case #140:
....
....
....
...c
Case #141:
*...
....
....
....
...c
Case #142:
Impossible
Case #143:
Impossible
Case #144:
Impossible
Case #145:
*c
Case #146:
Impossible
Case #147:
Impossible
Case #148:
Impossible
Case #149:
Impossible
Case #150:
...
...
..c
Case #151:
Impossible
Case #152:
*..
*..
...
..c
Case #153:
Impossible
Case #154:
**.c
Case #155:
...
..c
Case #156:
*...
....
...c
Case #157:
....
....
...c
Case #158:
Impossible
Case #159:
Impossible
Case #160:
*
*
c
Case #161:
Impossible
Case #162:
Impossible
Case #163:
Impossible
Case #164:
Impossible
Case #165:
Impossible
Case #166:
Impossible
Case #167:
*
.
.
c
Case #168:
**..
**..
....
...c
Case #169:
Impossible
Case #170:
..
..
..
.c
Case #171:
....
...c
Case #172:
*....
.....
....c
Case #173:
Impossible
Case #174:
Impossible
Case #175:
Impossible
Case #176:
Impossible
Case #177:
Impossible
Case #178:
*
.
c
Case #179:
.
c
Case #180:
Impossible
Case #181:
Impossible
Case #182:
***..
***..
**...
.....
....c
Case #183:
Impossible
Case #184:
Impossible
Case #185:
Impossible
Case #186:
.
.
c
Case #187:
Impossible
Case #188:
Impossible
Case #189:
Impossible
Case #190:
Impossible
Case #191:
Impossible
Case #192:
*..
...
...
...
..c
Case #193:
Impossible
Case #194:
**..
**..
....
....
...c
Case #195:
**...
.....
.....
....c
Case #196:
**..
....
....
...c
Case #197:
*
*
*
.
c
Case #198:
Impossible
Case #199:
Impossible
Case #200:
****c
Case #201:
Impossible
Case #202:
Impossible
Case #203:
Impossible
Case #204:
Impossible
Case #205:
Impossible
Case #206:
Impossible
Case #207:
.
.
.
.
c
Case #208:
***c
Case #209:
Impossible
Case #210:
Impossible
Case #211:
*
c
Case #212:
Impossible
Case #213:
.....
.....
.....
.....
....c
Case #214:
Impossible
Case #215:
.....
....c
Case #216:
Impossible
Case #217:
Impossible
Case #218:
c
Case #219:
Impossible
Case #220:
*
.
.
.
c
Case #221:
Impossible
Case #222:
Impossible
Case #223:
Impossible
Case #224:
Impossible
Case #225:
**..
**..
*...
....
...c
